<?xml version="1.0" encoding="UTF-8" ?>
<testsuite tests="17" failures="0" name="step_definitions.RunCukesTest" time="0.662" errors="0" skipped="0">
  <properties>
[...]
</properties>
  <testcase classname="Scenario: Checkout Product" name="Given User open website saucedemo" time="0.002"/>
  <testcase classname="Scenario: Checkout Product" name="When User input &quot;standard_user&quot; as userName and input &quot;secret_sauce&quot; as password" time="0"/>
  <testcase classname="Scenario: Checkout Product" name="Then User already on landing page" time="0"/>
  <testcase classname="Scenario: Checkout Product" name="And User sort product by &quot;Name (Z to A)&quot; as sortBy" time="0"/>
  <testcase classname="Scenario: Checkout Product" name="And User checkout &quot;Sauce Labs Onesie,Test.allTheThings() T-Shirt (Red)&quot; as products to cart" time="0"/>
  <testcase classname="Scenario: Checkout Product" name="And User click on checkout icon" time="0"/>
  <testcase classname="Scenario: Checkout Product" name="Then User verify that &quot;Sauce Labs Onesie,Test.allTheThings() T-Shirt (Red)&quot; as products in a list" time="0"/>
  <testcase classname="Scenario: Checkout Product" name="And User remove &quot;Test.allTheThings() T-Shirt (Red)&quot; as products in a list" time="0"/>
  <testcase classname="Scenario: Checkout Product" name="And User click checkout button" time="0"/>
  <testcase classname="Scenario: Checkout Product" name="Then User already on Checkout: Your Information" time="0"/>
  <testcase classname="Scenario: Checkout Product" name="When User input &quot;Muhammad&quot; as First Name , input &quot;Fikri&quot; as Last Name and input &quot;10020&quot; as Zip/Postal Code" time="0"/>
  <testcase classname="Scenario: Checkout Product" name="Then User already on Checkout: Overview Page" time="0"/>
  <testcase classname="Scenario: Checkout Product" name="Then User verify that &quot;Sauce Labs Onesie&quot; as products in payment list" time="0"/>
  <testcase classname="Scenario: Checkout Product" name="And User verifies the price of goods according to the price displayed" time="0"/>
  <testcase classname="Scenario: Checkout Product" name="And User click on finish button" time="0"/>
  <testcase classname="Scenario: Checkout Product" name="Then User already on Checkout: Complete!" time="0"/>
  <testcase classname="Scenario: Checkout Product" name="Scenario: Checkout Product" time="0.66"/>
</testsuite>